<?xml version="1.0" encoding="UTF-8"?>
<!-- Generated by org.testng.reporters.JUnitReportReporter -->
<testsuite hostname="LAPTOP-KPTBFIIC" name="com.test.TestProject.NewTest" tests="2" failures="0" timestamp="23 Nov 2017 06:58:36 GMT" time="1.424" errors="0">
  <testcase name="UserisNotNearAnyStore" time="1.413" classname="com.test.TestProject.NewTest"/>
  <testcase name="UserisinStore9" time="0.011" classname="com.test.TestProject.NewTest"/>
</testsuite> <!-- com.test.TestProject.NewTest -->
