<?xml version="1.0" encoding="UTF-8"?>
<!-- Generated by org.testng.reporters.JUnitReportReporter -->
<testsuite hostname="LAPTOP-KPTBFIIC" name="com.test.TestProject.NewTest" tests="1" failures="0" timestamp="22 Nov 2017 19:45:25 GMT" time="0.002" errors="0">
  <testcase name="f" time="0.002" classname="com.test.TestProject.NewTest"/>
</testsuite> <!-- com.test.TestProject.NewTest -->
